<?xml version="1.0" encoding="UTF-8"?>
<!-- Generated by org.testng.reporters.JUnitReportReporter -->
<testsuite hostname="WIN-46969103703" failures="0" tests="1" name="javatestcases.TestNGBasics" time="0.001" errors="0" timestamp="03 Mar 2023 03:29:22 GMT" skipped="1">
  <testcase classname="javatestcases.TestNGBasics" name="d" time="0.001">
    <skipped/>
  </testcase> <!-- d -->
</testsuite> <!-- javatestcases.TestNGBasics -->
