<?xml version="1.0" encoding="UTF-8"?>
<!-- Generated by org.testng.reporters.JUnitReportReporter -->
<testsuite hostname="WIN-46969103703" failures="0" tests="1" name="javatestcases.RoughTest" time="24.253" errors="0" timestamp="10 Apr 2023 09:46:06 GMT" skipped="0">
  <testcase classname="javatestcases.RoughTest" name="setup" time="24.253"/>
</testsuite> <!-- javatestcases.RoughTest -->
