<?xml version="1.0" encoding="UTF-8"?>
<!-- Generated by org.testng.reporters.JUnitReportReporter -->
<testsuite hostname="WIN-46969103703" failures="0" tests="3" name="javatestcases.DataProvider1" time="0.045" errors="0" timestamp="22 Mar 2023 04:22:06 GMT" skipped="0">
  <testcase classname="javatestcases.DataProvider1" name="addition" time="0.015"/>
  <testcase classname="javatestcases.DataProvider1" name="addition" time="0.015"/>
  <testcase classname="javatestcases.DataProvider1" name="addition" time="0.015"/>
</testsuite> <!-- javatestcases.DataProvider1 -->
